<?xml version="1.0" encoding="UTF-8"?>
<!-- Generated by org.testng.reporters.JUnitXMLReporter -->
<testsuite ignored="0" hostname="SRIRAM" failures="1" tests="4" name="Test" time="97.895" errors="0" timestamp="2022-10-03T13:17:35 IST">
  <testcase classname="com.testing.GoogleSearchTest" name="SearchTest" time="3.383">
    <failure type="org.openqa.selenium.ElementNotInteractableException" message="Element &amp;lt;input class=&amp;quot;gNO89b&amp;quot; name=&amp;quot;btnK&amp;quot; type=&amp;quot;submit&amp;quot;&amp;gt; is not reachable by keyboard
Build info: version: &amp;apos;4.2.1&amp;apos;, revision: &amp;apos;ac4d0fdd4a&amp;apos;
System info: host: &amp;apos;SRIRAM&amp;apos;, ip: &amp;apos;192.168.1.11&amp;apos;, os.name: &amp;apos;Windows 11&amp;apos;, os.arch: &amp;apos;amd64&amp;apos;, os.version: &amp;apos;10.0&amp;apos;, java.version: &amp;apos;17.0.3&amp;apos;
Driver info: org.openqa.selenium.firefox.FirefoxDriver
Command: [28a2c74a-09de-4a14-8010-6a0b2c7c11ae, sendKeysToElement {id=76cad5b9-b054-4d7d-b563-649f0f2f8c28, value=[Ljava.lang.CharSequence;@6f7e336b}]
Capabilities {acceptInsecureCerts: true, browserName: firefox, browserVersion: 92.0, moz:accessibilityChecks: false, moz:buildID: 20210903235534, moz:debuggerAddress: localhost:53685, moz:geckodriverVersion: 0.31.0, moz:headless: false, moz:processID: 17696, moz:profile: C:\Users\srir7\AppData\Loca..., moz:shutdownTimeout: 60000, moz:useNonSpecCompliantPointerOrigin: false, moz:webdriverClick: true, pageLoadStrategy: normal, platformName: WINDOWS, platformVersion: 10.0, proxy: Proxy(), se:cdp: ws://localhost:53685/devtoo..., se:cdpVersion: 85.0, setWindowRect: true, strictFileInteractability: false, timeouts: {implicit: 0, pageLoad: 300000, script: 30000}, unhandledPromptBehavior: dismiss and notify}
Element: [[FirefoxDriver: firefox on WINDOWS (28a2c74a-09de-4a14-8010-6a0b2c7c11ae)] -&amp;gt; name: btnK]
Session ID: 28a2c74a-09de-4a14-8010-6a0b2c7c11ae">
      <![CDATA[org.openqa.selenium.ElementNotInteractableException: Element <input class="gNO89b" name="btnK" type="submit"> is not reachable by keyboard
Build info: version: '4.2.1', revision: 'ac4d0fdd4a'
System info: host: 'SRIRAM', ip: '192.168.1.11', os.name: 'Windows 11', os.arch: 'amd64', os.version: '10.0', java.version: '17.0.3'
Driver info: org.openqa.selenium.firefox.FirefoxDriver
Command: [28a2c74a-09de-4a14-8010-6a0b2c7c11ae, sendKeysToElement {id=76cad5b9-b054-4d7d-b563-649f0f2f8c28, value=[Ljava.lang.CharSequence;@6f7e336b}]
Capabilities {acceptInsecureCerts: true, browserName: firefox, browserVersion: 92.0, moz:accessibilityChecks: false, moz:buildID: 20210903235534, moz:debuggerAddress: localhost:53685, moz:geckodriverVersion: 0.31.0, moz:headless: false, moz:processID: 17696, moz:profile: C:\Users\srir7\AppData\Loca..., moz:shutdownTimeout: 60000, moz:useNonSpecCompliantPointerOrigin: false, moz:webdriverClick: true, pageLoadStrategy: normal, platformName: WINDOWS, platformVersion: 10.0, proxy: Proxy(), se:cdp: ws://localhost:53685/devtoo..., se:cdpVersion: 85.0, setWindowRect: true, strictFileInteractability: false, timeouts: {implicit: 0, pageLoad: 300000, script: 30000}, unhandledPromptBehavior: dismiss and notify}
Element: [[FirefoxDriver: firefox on WINDOWS (28a2c74a-09de-4a14-8010-6a0b2c7c11ae)] -> name: btnK]
Session ID: 28a2c74a-09de-4a14-8010-6a0b2c7c11ae
at org.openqa.selenium.remote.codec.w3c.W3CHttpResponseCodec.createException(W3CHttpResponseCodec.java:200)
at org.openqa.selenium.remote.codec.w3c.W3CHttpResponseCodec.decode(W3CHttpResponseCodec.java:133)
at org.openqa.selenium.remote.codec.w3c.W3CHttpResponseCodec.decode(W3CHttpResponseCodec.java:53)
at org.openqa.selenium.remote.HttpCommandExecutor.execute(HttpCommandExecutor.java:184)
at org.openqa.selenium.remote.service.DriverCommandExecutor.invokeExecute(DriverCommandExecutor.java:167)
at org.openqa.selenium.remote.service.DriverCommandExecutor.execute(DriverCommandExecutor.java:142)
at org.openqa.selenium.remote.RemoteWebDriver.execute(RemoteWebDriver.java:551)
at org.openqa.selenium.remote.RemoteWebElement.execute(RemoteWebElement.java:257)
at org.openqa.selenium.remote.RemoteWebElement.sendKeys(RemoteWebElement.java:113)
at com.testing.GoogleSearchTest.SearchTest(GoogleSearchTest.java:26)
at java.base/java.util.ArrayList.forEach(ArrayList.java:1511)
... Removed 32 stack frames]]>
    </failure>
  </testcase> <!-- SearchTest -->
  <testcase classname="com.testing.RegisterPage" name="RegisterPageTest" time="5.595"/>
  <testcase classname="com.testing.SignIn" name="signinTest" time="5.906"/>
  <testcase classname="com.testing.AddtoCart" name="AddCartTest" time="5.673"/>
</testsuite> <!-- Test -->
